<?xml version="1.0" encoding="UTF-8"?>
<!-- Generated by org.testng.reporters.JUnitReportReporter -->
<testsuite skipped="0" hostname="welcome-PC" name="apii.practicse.FIllotaril" tests="1" failures="0" timestamp="2023-04-07T18:36:39 IST" time="1.785" errors="0">
  <testcase name="sdfd" time="1.785" classname="apii.practicse.FIllotaril"/>
</testsuite> <!-- apii.practicse.FIllotaril -->
