<?xml version="1.0" encoding="UTF-8"?>
<!-- Generated by org.testng.reporters.JUnitReportReporter -->
<testsuite skipped="0" hostname="welcome-PC" name="apii.practicse.DbConnection" tests="1" failures="0" timestamp="2022-09-02T19:13:00 IST" time="3.966" errors="0">
  <testcase name="connectDB" time="3.966" classname="apii.practicse.DbConnection"/>
</testsuite> <!-- apii.practicse.DbConnection -->
