<?xml version="1.0" encoding="UTF-8"?>
<!-- Generated by org.testng.reporters.JUnitReportReporter -->
<testsuite skipped="0" hostname="welcome-PC" name="apii.practicse.FilloSucces" tests="1" failures="0" timestamp="2023-04-07T19:59:05 IST" time="1.693" errors="0">
  <testcase name="sdfd" time="1.693" classname="apii.practicse.FilloSucces"/>
</testsuite> <!-- apii.practicse.FilloSucces -->
