<?xml version="1.0" encoding="UTF-8"?>
<!-- Generated by org.testng.reporters.JUnitReportReporter -->
<testsuite skipped="0" hostname="welcome-PC" name="apii.practicse.GoRestApiTest" tests="1" failures="0" timestamp="2023-04-01T16:48:31 IST" time="6.310" errors="0">
  <testcase name="test" time="6.310" classname="apii.practicse.GoRestApiTest"/>
</testsuite> <!-- apii.practicse.GoRestApiTest -->
