<?xml version="1.0" encoding="UTF-8"?>
<!-- Generated by org.testng.reporters.JUnitReportReporter -->
<testsuite skipped="0" hostname="welcome-PC" name="apii.practicse.CommonUtils" tests="1" failures="0" timestamp="2023-05-27T12:44:51 IST" time="21.237" errors="0">
  <testcase name="addimagetoexcel" time="21.237" classname="apii.practicse.CommonUtils"/>
</testsuite> <!-- apii.practicse.CommonUtils -->
