<?xml version="1.0" encoding="UTF-8"?>
<!-- Generated by org.testng.reporters.JUnitReportReporter -->
<testsuite skipped="0" hostname="welcome-PC" name="apii.practicse.ExcelUtils" tests="1" failures="0" timestamp="2023-05-14T13:23:02 IST" time="1.834" errors="0">
  <testcase name="setColourAndData" time="1.834" classname="apii.practicse.ExcelUtils"/>
</testsuite> <!-- apii.practicse.ExcelUtils -->
