<?xml version="1.0" encoding="UTF-8"?>
<!-- Generated by org.testng.reporters.JUnitReportReporter -->
<testsuite skipped="0" hostname="welcome-PC" name="apii.practicse.Api_trail" tests="1" failures="0" timestamp="2023-01-18T12:53:59 IST" time="9.127" errors="0">
  <testcase name="apitts" time="9.127" classname="apii.practicse.Api_trail"/>
</testsuite> <!-- apii.practicse.Api_trail -->
