<?xml version="1.0" encoding="UTF-8"?>
<!-- Generated by org.testng.reporters.JUnitReportReporter -->
<testsuite skipped="0" hostname="welcome-PC" name="apii.practicse.CrudOperations" tests="4" failures="0" timestamp="2022-12-24T15:07:25 IST" time="9.494" errors="0">
  <testcase name="Post_api" time="7.816" classname="apii.practicse.CrudOperations"/>
  <testcase name="GetApi" time="0.310" classname="apii.practicse.CrudOperations"/>
  <testcase name="PutApi" time="0.706" classname="apii.practicse.CrudOperations"/>
  <testcase name="DelApi" time="0.662" classname="apii.practicse.CrudOperations"/>
</testsuite> <!-- apii.practicse.CrudOperations -->
