<?xml version="1.0" encoding="UTF-8"?>
<!-- Generated by org.testng.reporters.JUnitReportReporter -->
<testsuite skipped="0" hostname="welcome-PC" name="apii.practicse.CreatingJar" tests="1" failures="0" timestamp="2023-04-01T19:17:04 IST" time="7.211" errors="0">
  <testcase name="test" time="7.211" classname="apii.practicse.CreatingJar"/>
</testsuite> <!-- apii.practicse.CreatingJar -->
