<?xml version="1.0" encoding="UTF-8"?>
<!-- Generated by org.testng.reporters.JUnitReportReporter -->
<testsuite skipped="0" hostname="welcome-PC" name="apii.practicse.Api_Trail1" tests="1" failures="0" timestamp="2023-01-11T11:03:18 IST" time="5.085" errors="0">
  <testcase name="aoir" time="5.085" classname="apii.practicse.Api_Trail1"/>
</testsuite> <!-- apii.practicse.Api_Trail1 -->
