<?xml version="1.0" encoding="UTF-8"?>
<!-- Generated by org.testng.reporters.JUnitReportReporter -->
<testsuite skipped="0" hostname="welcome-PC" name="apii.practicse.GoRestApi" tests="2" failures="0" timestamp="2023-05-20T14:48:48 IST" time="18.800" errors="1">
  <testcase name="seel" time="15.683" classname="apii.practicse.GoRestApi"/>
  <testcase name="AfterExcecution" time="3.117" classname="apii.practicse.GoRestApi">
    <error type="java.lang.RuntimeException" message="javax.mail.MessagingException: IOException while sending message;
  nested exception is:
	java.io.FileNotFoundException: F:\SOFTWARES1\Framwork Details\results\results.zip (The system cannot find the file specified)">
      <![CDATA[java.lang.RuntimeException: javax.mail.MessagingException: IOException while sending message;
  nested exception is:
java.io.FileNotFoundException: F:\SOFTWARES1\Framwork Details\results\results.zip (The system cannot find the file specified)
at apii.practicse.CommonUtils.SendMail(CommonUtils.java:379)
at apii.practicse.GoRestApi.AfterExcecution(GoRestApi.java:319)
at sun.reflect.NativeMethodAccessorImpl.invoke0(Native Method)
at sun.reflect.NativeMethodAccessorImpl.invoke(NativeMethodAccessorImpl.java:62)
at sun.reflect.DelegatingMethodAccessorImpl.invoke(DelegatingMethodAccessorImpl.java:43)
at java.lang.reflect.Method.invoke(Method.java:498)
at org.testng.internal.MethodInvocationHelper.invokeMethod(MethodInvocationHelper.java:133)
at org.testng.internal.MethodInvocationHelper.invokeMethodConsideringTimeout(MethodInvocationHelper.java:62)
at org.testng.internal.ConfigInvoker.invokeConfigurationMethod(ConfigInvoker.java:340)
at org.testng.internal.ConfigInvoker.invokeConfigurations(ConfigInvoker.java:294)
at org.testng.SuiteRunner.privateRun(SuiteRunner.java:369)
at org.testng.SuiteRunner.run(SuiteRunner.java:304)
at org.testng.SuiteRunnerWorker.runSuite(SuiteRunnerWorker.java:53)
at org.testng.SuiteRunnerWorker.run(SuiteRunnerWorker.java:96)
at org.testng.TestNG.runSuitesSequentially(TestNG.java:1180)
at org.testng.TestNG.runSuitesLocally(TestNG.java:1102)
at org.testng.TestNG.runSuites(TestNG.java:1032)
at org.testng.TestNG.run(TestNG.java:1000)
at org.testng.remote.AbstractRemoteTestNG.run(AbstractRemoteTestNG.java:115)
at org.testng.remote.RemoteTestNG.initAndRun(RemoteTestNG.java:251)
at org.testng.remote.RemoteTestNG.main(RemoteTestNG.java:77)
Caused by: javax.mail.MessagingException: IOException while sending message;
  nested exception is:
java.io.FileNotFoundException: F:\SOFTWARES1\Framwork Details\results\results.zip (The system cannot find the file specified)
at com.sun.mail.smtp.SMTPTransport.sendMessage(SMTPTransport.java:1177)
at javax.mail.Transport.send0(Transport.java:191)
at javax.mail.Transport.send(Transport.java:120)
at apii.practicse.CommonUtils.SendMail(CommonUtils.java:373)
... 20 more
Caused by: java.io.FileNotFoundException: F:\SOFTWARES1\Framwork Details\results\results.zip (The system cannot find the file specified)
at java.io.FileInputStream.open0(Native Method)
at java.io.FileInputStream.open(FileInputStream.java:195)
at java.io.FileInputStream.<init>(FileInputStream.java:138)
at javax.activation.FileDataSource.getInputStream(FileDataSource.java:97)
at javax.activation.DataHandler.writeTo(DataHandler.java:305)
at javax.mail.internet.MimeBodyPart.writeTo(MimeBodyPart.java:1383)
at javax.mail.internet.MimeBodyPart.writeTo(MimeBodyPart.java:852)
at javax.mail.internet.MimeMultipart.writeTo(MimeMultipart.java:453)
at com.sun.mail.handlers.multipart_mixed.writeTo(multipart_mixed.java:98)
at javax.activation.ObjectDataContentHandler.writeTo(DataHandler.java:889)
at javax.activation.DataHandler.writeTo(DataHandler.java:317)
at javax.mail.internet.MimeBodyPart.writeTo(MimeBodyPart.java:1383)
at javax.mail.internet.MimeMessage.writeTo(MimeMessage.java:1743)
at com.sun.mail.smtp.SMTPTransport.sendMessage(SMTPTransport.java:1121)
... 23 more
]]>
    </error>
  </testcase> <!-- AfterExcecution -->
</testsuite> <!-- apii.practicse.GoRestApi -->
